{
  "0 debug pnpm:scope": {
    "selected": 1,
    "workspacePrefix": null
  },
  "1 error pnpm": {
    "message": {
      "errno": 1,
      "code": "ELIFECYCLE",
      "pkgid": "pentecost@1.0.1",
      "stage": "start",
      "script": "npm run rot && cd ./server && export GOOGLE_APPLICATION_CREDENTIALS=pentecost-voice.json && NODE_ENV=production node app.js",
      "pkgname": "pentecost"
    },
    "err": {
      "name": "Error",
      "message": "pentecost@1.0.1 start: `npm run rot && cd ./server && export GOOGLE_APPLICATION_CREDENTIALS=pentecost-voice.json && NODE_ENV=production node app.js`\nExit status 1",
      "code": "ELIFECYCLE",
      "stack": "Error: pentecost@1.0.1 start: `npm run rot && cd ./server && export GOOGLE_APPLICATION_CREDENTIALS=pentecost-voice.json && NODE_ENV=production node app.js`\nExit status 1\n    at EventEmitter.proc.on (C:\\Users\\enger\\AppData\\Roaming\\npm\\node_modules\\pnpm\\lib\\node_modules\\@zkochan\\npm-lifecycle\\index.js:302:16)\n    at EventEmitter.emit (events.js:182:13)\n    at ChildProcess.<anonymous> (C:\\Users\\enger\\AppData\\Roaming\\npm\\node_modules\\pnpm\\lib\\node_modules\\@zkochan\\npm-lifecycle\\lib\\spawn.js:55:14)\n    at ChildProcess.emit (events.js:182:13)\n    at maybeClose (internal/child_process.js:962:16)\n    at Process.ChildProcess._handle.onexit (internal/child_process.js:251:5)"
    }
  }
}